<?xml version="1.0" encoding="UTF-8"?>
<!-- Generated by org.testng.reporters.JUnitXMLReporter -->
<testsuite ignored="0" hostname="LP-5CG04114NG" failures="0" tests="6" name="Test" time="48.588" errors="0" timestamp="2023-01-23T17:51:55 IST">
  <testcase classname="com.XYZ.tests.ManagerTest" name="verifyAddCustomers" time="2.97"/>
  <testcase classname="com.XYZ.tests.ManagerTest" name="verifyOpenAccount" time="2.152"/>
  <testcase classname="com.XYZ.tests.CustomerTest" name="a_verifylogin" time="1.112"/>
  <testcase classname="com.XYZ.tests.CustomerTest" name="b_deposit" time="1.237"/>
  <testcase classname="com.XYZ.tests.CustomerTest" name="c_withdrawl" time="1.198"/>
  <testcase classname="com.XYZ.tests.CustomerTest" name="transaction" time="20.77"/>
</testsuite> <!-- Test -->
